train_batch_size:256
strategy:vtlm
pretrain langs:20
WARNING:tensorflow:From /home/mwp141/anaconda3/envs/tt-mml/lib/python3.7/site-packages/tensorpack/callbacks/hooks.py:17: The name tf.train.SessionRunHook is deprecated. Please use tf.estimator.SessionRunHook instead.

WARNING:tensorflow:From /home/mwp141/anaconda3/envs/tt-mml/lib/python3.7/site-packages/tensorpack/tfutils/optimizer.py:18: The name tf.train.Optimizer is deprecated. Please use tf.compat.v1.train.Optimizer instead.

WARNING:tensorflow:From /home/mwp141/anaconda3/envs/tt-mml/lib/python3.7/site-packages/tensorpack/tfutils/sesscreate.py:20: The name tf.train.SessionCreator is deprecated. Please use tf.compat.v1.train.SessionCreator instead.

05/25/2022 12:33:04 - INFO - __main__ -   device: cuda n_gpu: 3, distributed training: False
05/25/2022 12:33:04 - INFO - __main__ -   pretrain langs: ['ar', 'bg', 'bn', 'da', 'de', 'el', 'en', 'es', 'et', 'fr', 'id', 'ja', 'ko', 'pt', 'ru', 'sw', 'ta', 'tr', 'vi', 'zh']
Loading from /science/image/nlp-datasets/emanuele/data/conceptual_captions/resnet101_faster_rcnn_genome_imgfeats/volta/training_feat_all.lmdb
[32m[0525 12:34:54 @format.py:92][0m Found 2777649 entries in /science/image/nlp-datasets/emanuele/data/conceptual_captions/resnet101_faster_rcnn_genome_imgfeats/volta/training_feat_all.lmdb
05/25/2022 12:34:54 - INFO - volta.datasets.concept_cap_vtlm_dataset -     sample_language = <volta.datasets.concept_cap_vtlm_dataset.LanguageSamplingDefault object at 0x7fb0d47ada50>
[32m[0525 12:34:54 @parallel.py:309][0m [PrefetchDataZMQ] Will fork a dataflow more than one times. This assumes the datapoints are i.i.d.
[32m[0525 12:34:54 @argtools.py:146][0m [5m[31mWRN[0m "import prctl" failed! Install python-prctl so that processes can be cleaned with guarantee.
[32m[0525 12:34:55 @argtools.py:146][0m [5m[31mWRN[0m "import prctl" failed! Install python-prctl so that processes can be cleaned with guarantee.
[32m[0525 12:34:58 @parallel.py:309][0m [PrefetchDataZMQ] Will fork a dataflow more than one times. This assumes the datapoints are i.i.d.
[32m[0525 12:34:58 @argtools.py:146][0m [5m[31mWRN[0m "import prctl" failed! Install python-prctl so that processes can be cleaned with guarantee.
[32m[0525 12:34:59 @argtools.py:146][0m [5m[31mWRN[0m "import prctl" failed! Install python-prctl so that processes can be cleaned with guarantee.
05/25/2022 12:35:01 - INFO - volta.train_utils -   logging file at: /science/image/nlp-datasets/tt-mml/logs/pretrain/ctrl_ttmml_vtlm_20langs/ctrl_xuniter_base/train_batch_size_256/conceptual_captions-vtlm/ctrl_xuniter_base
05/25/2022 12:35:06 - INFO - volta.utils -   loading weights file https://s3.amazonaws.com/models.huggingface.co/bert/xlm-roberta-base-pytorch_model.bin from cache at /home/mwp141/.pytorch_pretrained_bert/f80a708b21cc9b248e8af5a630ad9f887326bbaf0098b9f354427b2463d55346.aeeaca90954dc20ffa2909de722cfbfd455c5bb16d480c5bdf6d7fe79c68c267
05/25/2022 12:36:04 - INFO - volta.utils -   
05/25/2022 12:36:12 - INFO - volta.utils -   Weights of BertForVLPreTraining not initialized from pretrained model: ['bert.embeddings.token_type_embeddings_2_dims.weight', 'bert.embeddings.image_embeddings.weight', 'bert.embeddings.image_embeddings.bias', 'bert.embeddings.image_location_embeddings.weight', 'bert.embeddings.image_location_embeddings.bias', 'bert.embeddings.image_token_type_embeddings.weight', 'bert.embeddings.image_layer_norm.weight', 'bert.embeddings.image_layer_norm.bias', 'bert.embeddings.image_location_layer_norm.weight', 'bert.embeddings.image_location_layer_norm.bias', 'bert.embeddings.v_LayerNorm.weight', 'bert.embeddings.v_LayerNorm.bias', 'bert.encoder.layer.0.attention_self.v_query.weight', 'bert.encoder.layer.0.attention_self.v_query.bias', 'bert.encoder.layer.0.attention_self.v_key.weight', 'bert.encoder.layer.0.attention_self.v_key.bias', 'bert.encoder.layer.0.attention_self.v_value.weight', 'bert.encoder.layer.0.attention_self.v_value.bias', 'bert.encoder.layer.0.attention_output.v_dense.weight', 'bert.encoder.layer.0.attention_output.v_dense.bias', 'bert.encoder.layer.0.attention_output.v_LayerNorm.weight', 'bert.encoder.layer.0.attention_output.v_LayerNorm.bias', 'bert.encoder.layer.1.intermediate.v_dense.weight', 'bert.encoder.layer.1.intermediate.v_dense.bias', 'bert.encoder.layer.1.output.v_dense.weight', 'bert.encoder.layer.1.output.v_dense.bias', 'bert.encoder.layer.1.output.v_LayerNorm.weight', 'bert.encoder.layer.1.output.v_LayerNorm.bias', 'bert.encoder.layer.2.attention_self.v_query.weight', 'bert.encoder.layer.2.attention_self.v_query.bias', 'bert.encoder.layer.2.attention_self.v_key.weight', 'bert.encoder.layer.2.attention_self.v_key.bias', 'bert.encoder.layer.2.attention_self.v_value.weight', 'bert.encoder.layer.2.attention_self.v_value.bias', 'bert.encoder.layer.2.attention_output.v_dense.weight', 'bert.encoder.layer.2.attention_output.v_dense.bias', 'bert.encoder.layer.2.attention_output.v_LayerNorm.weight', 'bert.encoder.layer.2.attention_output.v_LayerNorm.bias', 'bert.encoder.layer.3.intermediate.v_dense.weight', 'bert.encoder.layer.3.intermediate.v_dense.bias', 'bert.encoder.layer.3.output.v_dense.weight', 'bert.encoder.layer.3.output.v_dense.bias', 'bert.encoder.layer.3.output.v_LayerNorm.weight', 'bert.encoder.layer.3.output.v_LayerNorm.bias', 'bert.encoder.layer.4.attention_self.v_query.weight', 'bert.encoder.layer.4.attention_self.v_query.bias', 'bert.encoder.layer.4.attention_self.v_key.weight', 'bert.encoder.layer.4.attention_self.v_key.bias', 'bert.encoder.layer.4.attention_self.v_value.weight', 'bert.encoder.layer.4.attention_self.v_value.bias', 'bert.encoder.layer.4.attention_output.v_dense.weight', 'bert.encoder.layer.4.attention_output.v_dense.bias', 'bert.encoder.layer.4.attention_output.v_LayerNorm.weight', 'bert.encoder.layer.4.attention_output.v_LayerNorm.bias', 'bert.encoder.layer.5.intermediate.v_dense.weight', 'bert.encoder.layer.5.intermediate.v_dense.bias', 'bert.encoder.layer.5.output.v_dense.weight', 'bert.encoder.layer.5.output.v_dense.bias', 'bert.encoder.layer.5.output.v_LayerNorm.weight', 'bert.encoder.layer.5.output.v_LayerNorm.bias', 'bert.encoder.layer.6.attention_self.v_query.weight', 'bert.encoder.layer.6.attention_self.v_query.bias', 'bert.encoder.layer.6.attention_self.v_key.weight', 'bert.encoder.layer.6.attention_self.v_key.bias', 'bert.encoder.layer.6.attention_self.v_value.weight', 'bert.encoder.layer.6.attention_self.v_value.bias', 'bert.encoder.layer.6.attention_output.v_dense.weight', 'bert.encoder.layer.6.attention_output.v_dense.bias', 'bert.encoder.layer.6.attention_output.v_LayerNorm.weight', 'bert.encoder.layer.6.attention_output.v_LayerNorm.bias', 'bert.encoder.layer.7.intermediate.v_dense.weight', 'bert.encoder.layer.7.intermediate.v_dense.bias', 'bert.encoder.layer.7.output.v_dense.weight', 'bert.encoder.layer.7.output.v_dense.bias', 'bert.encoder.layer.7.output.v_LayerNorm.weight', 'bert.encoder.layer.7.output.v_LayerNorm.bias', 'bert.encoder.layer.8.attention_self.v_query.weight', 'bert.encoder.layer.8.attention_self.v_query.bias', 'bert.encoder.layer.8.attention_self.v_key.weight', 'bert.encoder.layer.8.attention_self.v_key.bias', 'bert.encoder.layer.8.attention_self.v_value.weight', 'bert.encoder.layer.8.attention_self.v_value.bias', 'bert.encoder.layer.8.attention_output.v_dense.weight', 'bert.encoder.layer.8.attention_output.v_dense.bias', 'bert.encoder.layer.8.attention_output.v_LayerNorm.weight', 'bert.encoder.layer.8.attention_output.v_LayerNorm.bias', 'bert.encoder.layer.9.intermediate.v_dense.weight', 'bert.encoder.layer.9.intermediate.v_dense.bias', 'bert.encoder.layer.9.output.v_dense.weight', 'bert.encoder.layer.9.output.v_dense.bias', 'bert.encoder.layer.9.output.v_LayerNorm.weight', 'bert.encoder.layer.9.output.v_LayerNorm.bias', 'bert.encoder.layer.10.attention_self.v_query.weight', 'bert.encoder.layer.10.attention_self.v_query.bias', 'bert.encoder.layer.10.attention_self.v_key.weight', 'bert.encoder.layer.10.attention_self.v_key.bias', 'bert.encoder.layer.10.attention_self.v_value.weight', 'bert.encoder.layer.10.attention_self.v_value.bias', 'bert.encoder.layer.10.attention_output.v_dense.weight', 'bert.encoder.layer.10.attention_output.v_dense.bias', 'bert.encoder.layer.10.attention_output.v_LayerNorm.weight', 'bert.encoder.layer.10.attention_output.v_LayerNorm.bias', 'bert.encoder.layer.11.intermediate.v_dense.weight', 'bert.encoder.layer.11.intermediate.v_dense.bias', 'bert.encoder.layer.11.output.v_dense.weight', 'bert.encoder.layer.11.output.v_dense.bias', 'bert.encoder.layer.11.output.v_LayerNorm.weight', 'bert.encoder.layer.11.output.v_LayerNorm.bias', 'bert.encoder.layer.12.attention_self.v_query.weight', 'bert.encoder.layer.12.attention_self.v_query.bias', 'bert.encoder.layer.12.attention_self.v_key.weight', 'bert.encoder.layer.12.attention_self.v_key.bias', 'bert.encoder.layer.12.attention_self.v_value.weight', 'bert.encoder.layer.12.attention_self.v_value.bias', 'bert.encoder.layer.12.attention_output.v_dense.weight', 'bert.encoder.layer.12.attention_output.v_dense.bias', 'bert.encoder.layer.12.attention_output.v_LayerNorm.weight', 'bert.encoder.layer.12.attention_output.v_LayerNorm.bias', 'bert.encoder.layer.13.intermediate.v_dense.weight', 'bert.encoder.layer.13.intermediate.v_dense.bias', 'bert.encoder.layer.13.output.v_dense.weight', 'bert.encoder.layer.13.output.v_dense.bias', 'bert.encoder.layer.13.output.v_LayerNorm.weight', 'bert.encoder.layer.13.output.v_LayerNorm.bias', 'bert.encoder.layer.14.attention_self.v_query.weight', 'bert.encoder.layer.14.attention_self.v_query.bias', 'bert.encoder.layer.14.attention_self.v_key.weight', 'bert.encoder.layer.14.attention_self.v_key.bias', 'bert.encoder.layer.14.attention_self.v_value.weight', 'bert.encoder.layer.14.attention_self.v_value.bias', 'bert.encoder.layer.14.attention_output.v_dense.weight', 'bert.encoder.layer.14.attention_output.v_dense.bias', 'bert.encoder.layer.14.attention_output.v_LayerNorm.weight', 'bert.encoder.layer.14.attention_output.v_LayerNorm.bias', 'bert.encoder.layer.15.intermediate.v_dense.weight', 'bert.encoder.layer.15.intermediate.v_dense.bias', 'bert.encoder.layer.15.output.v_dense.weight', 'bert.encoder.layer.15.output.v_dense.bias', 'bert.encoder.layer.15.output.v_LayerNorm.weight', 'bert.encoder.layer.15.output.v_LayerNorm.bias', 'bert.encoder.layer.16.attention_self.v_query.weight', 'bert.encoder.layer.16.attention_self.v_query.bias', 'bert.encoder.layer.16.attention_self.v_key.weight', 'bert.encoder.layer.16.attention_self.v_key.bias', 'bert.encoder.layer.16.attention_self.v_value.weight', 'bert.encoder.layer.16.attention_self.v_value.bias', 'bert.encoder.layer.16.attention_output.v_dense.weight', 'bert.encoder.layer.16.attention_output.v_dense.bias', 'bert.encoder.layer.16.attention_output.v_LayerNorm.weight', 'bert.encoder.layer.16.attention_output.v_LayerNorm.bias', 'bert.encoder.layer.17.intermediate.v_dense.weight', 'bert.encoder.layer.17.intermediate.v_dense.bias', 'bert.encoder.layer.17.output.v_dense.weight', 'bert.encoder.layer.17.output.v_dense.bias', 'bert.encoder.layer.17.output.v_LayerNorm.weight', 'bert.encoder.layer.17.output.v_LayerNorm.bias', 'bert.encoder.layer.18.attention_self.v_query.weight', 'bert.encoder.layer.18.attention_self.v_query.bias', 'bert.encoder.layer.18.attention_self.v_key.weight', 'bert.encoder.layer.18.attention_self.v_key.bias', 'bert.encoder.layer.18.attention_self.v_value.weight', 'bert.encoder.layer.18.attention_self.v_value.bias', 'bert.encoder.layer.18.attention_output.v_dense.weight', 'bert.encoder.layer.18.attention_output.v_dense.bias', 'bert.encoder.layer.18.attention_output.v_LayerNorm.weight', 'bert.encoder.layer.18.attention_output.v_LayerNorm.bias', 'bert.encoder.layer.19.intermediate.v_dense.weight', 'bert.encoder.layer.19.intermediate.v_dense.bias', 'bert.encoder.layer.19.output.v_dense.weight', 'bert.encoder.layer.19.output.v_dense.bias', 'bert.encoder.layer.19.output.v_LayerNorm.weight', 'bert.encoder.layer.19.output.v_LayerNorm.bias', 'bert.encoder.layer.20.attention_self.v_query.weight', 'bert.encoder.layer.20.attention_self.v_query.bias', 'bert.encoder.layer.20.attention_self.v_key.weight', 'bert.encoder.layer.20.attention_self.v_key.bias', 'bert.encoder.layer.20.attention_self.v_value.weight', 'bert.encoder.layer.20.attention_self.v_value.bias', 'bert.encoder.layer.20.attention_output.v_dense.weight', 'bert.encoder.layer.20.attention_output.v_dense.bias', 'bert.encoder.layer.20.attention_output.v_LayerNorm.weight', 'bert.encoder.layer.20.attention_output.v_LayerNorm.bias', 'bert.encoder.layer.21.intermediate.v_dense.weight', 'bert.encoder.layer.21.intermediate.v_dense.bias', 'bert.encoder.layer.21.output.v_dense.weight', 'bert.encoder.layer.21.output.v_dense.bias', 'bert.encoder.layer.21.output.v_LayerNorm.weight', 'bert.encoder.layer.21.output.v_LayerNorm.bias', 'bert.encoder.layer.22.attention_self.v_query.weight', 'bert.encoder.layer.22.attention_self.v_query.bias', 'bert.encoder.layer.22.attention_self.v_key.weight', 'bert.encoder.layer.22.attention_self.v_key.bias', 'bert.encoder.layer.22.attention_self.v_value.weight', 'bert.encoder.layer.22.attention_self.v_value.bias', 'bert.encoder.layer.22.attention_output.v_dense.weight', 'bert.encoder.layer.22.attention_output.v_dense.bias', 'bert.encoder.layer.22.attention_output.v_LayerNorm.weight', 'bert.encoder.layer.22.attention_output.v_LayerNorm.bias', 'bert.encoder.layer.23.intermediate.v_dense.weight', 'bert.encoder.layer.23.intermediate.v_dense.bias', 'bert.encoder.layer.23.output.v_dense.weight', 'bert.encoder.layer.23.output.v_dense.bias', 'bert.encoder.layer.23.output.v_LayerNorm.weight', 'bert.encoder.layer.23.output.v_LayerNorm.bias', 'bert.t_pooler.dense.weight', 'bert.t_pooler.dense.bias', 'bert.v_pooler.dense.weight', 'bert.v_pooler.dense.bias', 'cls.bi_seq_relationship.weight', 'cls.bi_seq_relationship.bias', 'cls.imagePredictions.transform.dense.weight', 'cls.imagePredictions.transform.dense.bias', 'cls.imagePredictions.transform.LayerNorm.weight', 'cls.imagePredictions.transform.LayerNorm.bias', 'cls.imagePredictions.decoder_dict.0.weight', 'cls.imagePredictions.decoder_dict.0.bias']
05/25/2022 12:36:12 - INFO - volta.utils -   Weights from pretrained model not used in BertForVLPreTraining: ['bert.pooler.dense.weight', 'bert.pooler.dense.bias']
05/25/2022 12:36:25 - INFO - __main__ -   ** ** * Saving model * ** ** 
05/25/2022 12:36:38 - INFO - __main__ -   >> Parameters:
05/25/2022 12:36:38 - INFO - __main__ -   -------------------------------------------------------------------------------------------------------------------------------
05/25/2022 12:36:38 - INFO - __main__ -   |Name                                                              |Dtype            |Shape            |#Params      |Trainable|
05/25/2022 12:36:38 - INFO - __main__ -   -------------------------------------------------------------------------------------------------------------------------------
05/25/2022 12:36:38 - INFO - __main__ -   |module.bert.embeddings.word_embeddings.weight                     |torch.float32    |(250002, 768)    |192001536    |True    |
05/25/2022 12:36:38 - INFO - __main__ -   -------------------------------------------------------------------------------------------------------------------------------
05/25/2022 12:36:38 - INFO - __main__ -   |module.bert.embeddings.position_embeddings.weight                 |torch.float32    |(514, 768)       |394752       |True    |
05/25/2022 12:36:38 - INFO - __main__ -   -------------------------------------------------------------------------------------------------------------------------------
05/25/2022 12:36:38 - INFO - __main__ -   |module.bert.embeddings.token_type_embeddings.weight               |torch.float32    |(1, 768)         |768          |True    |
05/25/2022 12:36:38 - INFO - __main__ -   -------------------------------------------------------------------------------------------------------------------------------
05/25/2022 12:36:38 - INFO - __main__ -   |module.bert.embeddings.token_type_embeddings_2_dims.weight        |torch.float32    |(2, 768)         |1536         |True    |
05/25/2022 12:36:38 - INFO - __main__ -   -------------------------------------------------------------------------------------------------------------------------------
05/25/2022 12:36:38 - INFO - __main__ -   |module.bert.embeddings.LayerNorm.weight                           |torch.float32    |(768,)           |768          |True    |
05/25/2022 12:36:38 - INFO - __main__ -   -------------------------------------------------------------------------------------------------------------------------------
05/25/2022 12:36:38 - INFO - __main__ -   |module.bert.embeddings.LayerNorm.bias                             |torch.float32    |(768,)           |768          |True    |
05/25/2022 12:36:38 - INFO - __main__ -   -------------------------------------------------------------------------------------------------------------------------------
05/25/2022 12:36:38 - INFO - __main__ -   |module.bert.embeddings.image_embeddings.weight                    |torch.float32    |(768, 2048)      |1572864      |True    |
05/25/2022 12:36:38 - INFO - __main__ -   -------------------------------------------------------------------------------------------------------------------------------
05/25/2022 12:36:38 - INFO - __main__ -   |module.bert.embeddings.image_embeddings.bias                      |torch.float32    |(768,)           |768          |True    |
05/25/2022 12:36:38 - INFO - __main__ -   -------------------------------------------------------------------------------------------------------------------------------
05/25/2022 12:36:38 - INFO - __main__ -   |module.bert.embeddings.image_location_embeddings.weight           |torch.float32    |(768, 5)         |3840         |True    |
05/25/2022 12:36:38 - INFO - __main__ -   -------------------------------------------------------------------------------------------------------------------------------
05/25/2022 12:36:38 - INFO - __main__ -   |module.bert.embeddings.image_location_embeddings.bias             |torch.float32    |(768,)           |768          |True    |
05/25/2022 12:36:38 - INFO - __main__ -   -------------------------------------------------------------------------------------------------------------------------------
05/25/2022 12:36:38 - INFO - __main__ -   |module.bert.embeddings.image_token_type_embeddings.weight         |torch.float32    |(1, 768)         |768          |True    |
05/25/2022 12:36:38 - INFO - __main__ -   -------------------------------------------------------------------------------------------------------------------------------
05/25/2022 12:36:38 - INFO - __main__ -   |module.bert.embeddings.image_layer_norm.weight                    |torch.float32    |(768,)           |768          |True    |
05/25/2022 12:36:38 - INFO - __main__ -   -------------------------------------------------------------------------------------------------------------------------------
05/25/2022 12:36:38 - INFO - __main__ -   |module.bert.embeddings.image_layer_norm.bias                      |torch.float32    |(768,)           |768          |True    |
05/25/2022 12:36:38 - INFO - __main__ -   -------------------------------------------------------------------------------------------------------------------------------
05/25/2022 12:36:38 - INFO - __main__ -   |module.bert.embeddings.image_location_layer_norm.weight           |torch.float32    |(768,)           |768          |True    |
05/25/2022 12:36:38 - INFO - __main__ -   -------------------------------------------------------------------------------------------------------------------------------
05/25/2022 12:36:38 - INFO - __main__ -   |module.bert.embeddings.image_location_layer_norm.bias             |torch.float32    |(768,)           |768          |True    |
05/25/2022 12:36:38 - INFO - __main__ -   -------------------------------------------------------------------------------------------------------------------------------
05/25/2022 12:36:38 - INFO - __main__ -   |module.bert.embeddings.v_LayerNorm.weight                         |torch.float32    |(768,)           |768          |True    |
05/25/2022 12:36:38 - INFO - __main__ -   -------------------------------------------------------------------------------------------------------------------------------
05/25/2022 12:36:38 - INFO - __main__ -   |module.bert.embeddings.v_LayerNorm.bias                           |torch.float32    |(768,)           |768          |True    |
05/25/2022 12:36:38 - INFO - __main__ -   -------------------------------------------------------------------------------------------------------------------------------
05/25/2022 12:36:38 - INFO - __main__ -   |module.bert.encoder.layer.0.attention_self.query.weight           |torch.float32    |(768, 768)       |589824       |True    |
05/25/2022 12:36:38 - INFO - __main__ -   -------------------------------------------------------------------------------------------------------------------------------
05/25/2022 12:36:38 - INFO - __main__ -   |module.bert.encoder.layer.0.attention_self.query.bias             |torch.float32    |(768,)           |768          |True    |
05/25/2022 12:36:38 - INFO - __main__ -   -------------------------------------------------------------------------------------------------------------------------------
05/25/2022 12:36:38 - INFO - __main__ -   |module.bert.encoder.layer.0.attention_self.key.weight             |torch.float32    |(768, 768)       |589824       |True    |
05/25/2022 12:36:38 - INFO - __main__ -   -------------------------------------------------------------------------------------------------------------------------------
05/25/2022 12:36:38 - INFO - __main__ -   |module.bert.encoder.layer.0.attention_self.key.bias               |torch.float32    |(768,)           |768          |True    |
05/25/2022 12:36:38 - INFO - __main__ -   -------------------------------------------------------------------------------------------------------------------------------
05/25/2022 12:36:38 - INFO - __main__ -   |module.bert.encoder.layer.0.attention_self.value.weight           |torch.float32    |(768, 768)       |589824       |True    |
05/25/2022 12:36:38 - INFO - __main__ -   -------------------------------------------------------------------------------------------------------------------------------
05/25/2022 12:36:38 - INFO - __main__ -   |module.bert.encoder.layer.0.attention_self.value.bias             |torch.float32    |(768,)           |768          |True    |
05/25/2022 12:36:38 - INFO - __main__ -   -------------------------------------------------------------------------------------------------------------------------------
05/25/2022 12:36:38 - INFO - __main__ -   |module.bert.encoder.layer.0.attention_output.dense.weight         |torch.float32    |(768, 768)       |589824       |True    |
05/25/2022 12:36:38 - INFO - __main__ -   -------------------------------------------------------------------------------------------------------------------------------
05/25/2022 12:36:38 - INFO - __main__ -   |module.bert.encoder.layer.0.attention_output.dense.bias           |torch.float32    |(768,)           |768          |True    |
05/25/2022 12:36:38 - INFO - __main__ -   -------------------------------------------------------------------------------------------------------------------------------
05/25/2022 12:36:38 - INFO - __main__ -   |module.bert.encoder.layer.0.attention_output.LayerNorm.weight     |torch.float32    |(768,)           |768          |True    |
05/25/2022 12:36:38 - INFO - __main__ -   -------------------------------------------------------------------------------------------------------------------------------
05/25/2022 12:36:38 - INFO - __main__ -   |module.bert.encoder.layer.0.attention_output.LayerNorm.bias       |torch.float32    |(768,)           |768          |True    |
05/25/2022 12:36:38 - INFO - __main__ -   -------------------------------------------------------------------------------------------------------------------------------
05/25/2022 12:36:38 - INFO - __main__ -   |module.bert.encoder.layer.1.intermediate.dense.weight             |torch.float32    |(3072, 768)      |2359296      |True    |
05/25/2022 12:36:38 - INFO - __main__ -   -------------------------------------------------------------------------------------------------------------------------------
05/25/2022 12:36:38 - INFO - __main__ -   |module.bert.encoder.layer.1.intermediate.dense.bias               |torch.float32    |(3072,)          |3072         |True    |
05/25/2022 12:36:38 - INFO - __main__ -   -------------------------------------------------------------------------------------------------------------------------------
05/25/2022 12:36:38 - INFO - __main__ -   |module.bert.encoder.layer.1.output.dense.weight                   |torch.float32    |(768, 3072)      |2359296      |True    |
05/25/2022 12:36:38 - INFO - __main__ -   -------------------------------------------------------------------------------------------------------------------------------
05/25/2022 12:36:38 - INFO - __main__ -   |module.bert.encoder.layer.1.output.dense.bias                     |torch.float32    |(768,)           |768          |True    |
05/25/2022 12:36:38 - INFO - __main__ -   -------------------------------------------------------------------------------------------------------------------------------
05/25/2022 12:36:38 - INFO - __main__ -   |module.bert.encoder.layer.1.output.LayerNorm.weight               |torch.float32    |(768,)           |768          |True    |
05/25/2022 12:36:38 - INFO - __main__ -   -------------------------------------------------------------------------------------------------------------------------------
05/25/2022 12:36:38 - INFO - __main__ -   |module.bert.encoder.layer.1.output.LayerNorm.bias                 |torch.float32    |(768,)           |768          |True    |
05/25/2022 12:36:38 - INFO - __main__ -   -------------------------------------------------------------------------------------------------------------------------------
05/25/2022 12:36:38 - INFO - __main__ -   |module.bert.encoder.layer.2.attention_self.query.weight           |torch.float32    |(768, 768)       |589824       |True    |
05/25/2022 12:36:38 - INFO - __main__ -   -------------------------------------------------------------------------------------------------------------------------------
05/25/2022 12:36:38 - INFO - __main__ -   |module.bert.encoder.layer.2.attention_self.query.bias             |torch.float32    |(768,)           |768          |True    |
05/25/2022 12:36:38 - INFO - __main__ -   -------------------------------------------------------------------------------------------------------------------------------
05/25/2022 12:36:38 - INFO - __main__ -   |module.bert.encoder.layer.2.attention_self.key.weight             |torch.float32    |(768, 768)       |589824       |True    |
05/25/2022 12:36:38 - INFO - __main__ -   -------------------------------------------------------------------------------------------------------------------------------
05/25/2022 12:36:38 - INFO - __main__ -   |module.bert.encoder.layer.2.attention_self.key.bias               |torch.float32    |(768,)           |768          |True    |
05/25/2022 12:36:38 - INFO - __main__ -   -------------------------------------------------------------------------------------------------------------------------------
05/25/2022 12:36:38 - INFO - __main__ -   |module.bert.encoder.layer.2.attention_self.value.weight           |torch.float32    |(768, 768)       |589824       |True    |
05/25/2022 12:36:38 - INFO - __main__ -   -------------------------------------------------------------------------------------------------------------------------------
05/25/2022 12:36:38 - INFO - __main__ -   |module.bert.encoder.layer.2.attention_self.value.bias             |torch.float32    |(768,)           |768          |True    |
05/25/2022 12:36:38 - INFO - __main__ -   -------------------------------------------------------------------------------------------------------------------------------
05/25/2022 12:36:38 - INFO - __main__ -   |module.bert.encoder.layer.2.attention_output.dense.weight         |torch.float32    |(768, 768)       |589824       |True    |
05/25/2022 12:36:38 - INFO - __main__ -   -------------------------------------------------------------------------------------------------------------------------------
05/25/2022 12:36:38 - INFO - __main__ -   |module.bert.encoder.layer.2.attention_output.dense.bias           |torch.float32    |(768,)           |768          |True    |
05/25/2022 12:36:38 - INFO - __main__ -   -------------------------------------------------------------------------------------------------------------------------------
05/25/2022 12:36:38 - INFO - __main__ -   |module.bert.encoder.layer.2.attention_output.LayerNorm.weight     |torch.float32    |(768,)           |768          |True    |
05/25/2022 12:36:38 - INFO - __main__ -   -------------------------------------------------------------------------------------------------------------------------------
05/25/2022 12:36:38 - INFO - __main__ -   |module.bert.encoder.layer.2.attention_output.LayerNorm.bias       |torch.float32    |(768,)           |768          |True    |
05/25/2022 12:36:38 - INFO - __main__ -   -------------------------------------------------------------------------------------------------------------------------------
05/25/2022 12:36:38 - INFO - __main__ -   |module.bert.encoder.layer.3.intermediate.dense.weight             |torch.float32    |(3072, 768)      |2359296      |True    |
05/25/2022 12:36:38 - INFO - __main__ -   -------------------------------------------------------------------------------------------------------------------------------
05/25/2022 12:36:38 - INFO - __main__ -   |module.bert.encoder.layer.3.intermediate.dense.bias               |torch.float32    |(3072,)          |3072         |True    |
05/25/2022 12:36:38 - INFO - __main__ -   -------------------------------------------------------------------------------------------------------------------------------
05/25/2022 12:36:38 - INFO - __main__ -   |module.bert.encoder.layer.3.output.dense.weight                   |torch.float32    |(768, 3072)      |2359296      |True    |
05/25/2022 12:36:38 - INFO - __main__ -   -------------------------------------------------------------------------------------------------------------------------------
05/25/2022 12:36:38 - INFO - __main__ -   |module.bert.encoder.layer.3.output.dense.bias                     |torch.float32    |(768,)           |768          |True    |
05/25/2022 12:36:38 - INFO - __main__ -   -------------------------------------------------------------------------------------------------------------------------------
05/25/2022 12:36:38 - INFO - __main__ -   |module.bert.encoder.layer.3.output.LayerNorm.weight               |torch.float32    |(768,)           |768          |True    |
05/25/2022 12:36:38 - INFO - __main__ -   -------------------------------------------------------------------------------------------------------------------------------
05/25/2022 12:36:38 - INFO - __main__ -   |module.bert.encoder.layer.3.output.LayerNorm.bias                 |torch.float32    |(768,)           |768          |True    |
05/25/2022 12:36:38 - INFO - __main__ -   -------------------------------------------------------------------------------------------------------------------------------
05/25/2022 12:36:38 - INFO - __main__ -   |module.bert.encoder.layer.4.attention_self.query.weight           |torch.float32    |(768, 768)       |589824       |True    |
05/25/2022 12:36:38 - INFO - __main__ -   -------------------------------------------------------------------------------------------------------------------------------
05/25/2022 12:36:38 - INFO - __main__ -   |module.bert.encoder.layer.4.attention_self.query.bias             |torch.float32    |(768,)           |768          |True    |
05/25/2022 12:36:38 - INFO - __main__ -   -------------------------------------------------------------------------------------------------------------------------------
05/25/2022 12:36:38 - INFO - __main__ -   |module.bert.encoder.layer.4.attention_self.key.weight             |torch.float32    |(768, 768)       |589824       |True    |
05/25/2022 12:36:38 - INFO - __main__ -   -------------------------------------------------------------------------------------------------------------------------------
05/25/2022 12:36:38 - INFO - __main__ -   |module.bert.encoder.layer.4.attention_self.key.bias               |torch.float32    |(768,)           |768          |True    |
05/25/2022 12:36:38 - INFO - __main__ -   -------------------------------------------------------------------------------------------------------------------------------
05/25/2022 12:36:38 - INFO - __main__ -   |module.bert.encoder.layer.4.attention_self.value.weight           |torch.float32    |(768, 768)       |589824       |True    |
05/25/2022 12:36:38 - INFO - __main__ -   -------------------------------------------------------------------------------------------------------------------------------
05/25/2022 12:36:38 - INFO - __main__ -   |module.bert.encoder.layer.4.attention_self.value.bias             |torch.float32    |(768,)           |768          |True    |
05/25/2022 12:36:38 - INFO - __main__ -   -------------------------------------------------------------------------------------------------------------------------------
05/25/2022 12:36:38 - INFO - __main__ -   |module.bert.encoder.layer.4.attention_output.dense.weight         |torch.float32    |(768, 768)       |589824       |True    |
05/25/2022 12:36:38 - INFO - __main__ -   -------------------------------------------------------------------------------------------------------------------------------
05/25/2022 12:36:38 - INFO - __main__ -   |module.bert.encoder.layer.4.attention_output.dense.bias           |torch.float32    |(768,)           |768          |True    |
05/25/2022 12:36:38 - INFO - __main__ -   -------------------------------------------------------------------------------------------------------------------------------
05/25/2022 12:36:38 - INFO - __main__ -   |module.bert.encoder.layer.4.attention_output.LayerNorm.weight     |torch.float32    |(768,)           |768          |True    |
05/25/2022 12:36:38 - INFO - __main__ -   -------------------------------------------------------------------------------------------------------------------------------
05/25/2022 12:36:38 - INFO - __main__ -   |module.bert.encoder.layer.4.attention_output.LayerNorm.bias       |torch.float32    |(768,)           |768          |True    |
05/25/2022 12:36:38 - INFO - __main__ -   -------------------------------------------------------------------------------------------------------------------------------
05/25/2022 12:36:38 - INFO - __main__ -   |module.bert.encoder.layer.5.intermediate.dense.weight             |torch.float32    |(3072, 768)      |2359296      |True    |
05/25/2022 12:36:38 - INFO - __main__ -   -------------------------------------------------------------------------------------------------------------------------------
05/25/2022 12:36:38 - INFO - __main__ -   |module.bert.encoder.layer.5.intermediate.dense.bias               |torch.float32    |(3072,)          |3072         |True    |
05/25/2022 12:36:38 - INFO - __main__ -   -------------------------------------------------------------------------------------------------------------------------------
05/25/2022 12:36:38 - INFO - __main__ -   |module.bert.encoder.layer.5.output.dense.weight                   |torch.float32    |(768, 3072)      |2359296      |True    |
05/25/2022 12:36:38 - INFO - __main__ -   -------------------------------------------------------------------------------------------------------------------------------
05/25/2022 12:36:38 - INFO - __main__ -   |module.bert.encoder.layer.5.output.dense.bias                     |torch.float32    |(768,)           |768          |True    |
05/25/2022 12:36:38 - INFO - __main__ -   -------------------------------------------------------------------------------------------------------------------------------
05/25/2022 12:36:38 - INFO - __main__ -   |module.bert.encoder.layer.5.output.LayerNorm.weight               |torch.float32    |(768,)           |768          |True    |
05/25/2022 12:36:38 - INFO - __main__ -   -------------------------------------------------------------------------------------------------------------------------------
05/25/2022 12:36:38 - INFO - __main__ -   |module.bert.encoder.layer.5.output.LayerNorm.bias                 |torch.float32    |(768,)           |768          |True    |
05/25/2022 12:36:38 - INFO - __main__ -   -------------------------------------------------------------------------------------------------------------------------------
05/25/2022 12:36:38 - INFO - __main__ -   |module.bert.encoder.layer.6.attention_self.query.weight           |torch.float32    |(768, 768)       |589824       |True    |
05/25/2022 12:36:38 - INFO - __main__ -   -------------------------------------------------------------------------------------------------------------------------------
05/25/2022 12:36:38 - INFO - __main__ -   |module.bert.encoder.layer.6.attention_self.query.bias             |torch.float32    |(768,)           |768          |True    |
05/25/2022 12:36:38 - INFO - __main__ -   -------------------------------------------------------------------------------------------------------------------------------
05/25/2022 12:36:38 - INFO - __main__ -   |module.bert.encoder.layer.6.attention_self.key.weight             |torch.float32    |(768, 768)       |589824       |True    |
05/25/2022 12:36:38 - INFO - __main__ -   -------------------------------------------------------------------------------------------------------------------------------
05/25/2022 12:36:38 - INFO - __main__ -   |module.bert.encoder.layer.6.attention_self.key.bias               |torch.float32    |(768,)           |768          |True    |
05/25/2022 12:36:38 - INFO - __main__ -   -------------------------------------------------------------------------------------------------------------------------------
05/25/2022 12:36:38 - INFO - __main__ -   |module.bert.encoder.layer.6.attention_self.value.weight           |torch.float32    |(768, 768)       |589824       |True    |
05/25/2022 12:36:38 - INFO - __main__ -   -------------------------------------------------------------------------------------------------------------------------------
05/25/2022 12:36:38 - INFO - __main__ -   |module.bert.encoder.layer.6.attention_self.value.bias             |torch.float32    |(768,)           |768          |True    |
05/25/2022 12:36:38 - INFO - __main__ -   -------------------------------------------------------------------------------------------------------------------------------
05/25/2022 12:36:38 - INFO - __main__ -   |module.bert.encoder.layer.6.attention_output.dense.weight         |torch.float32    |(768, 768)       |589824       |True    |
05/25/2022 12:36:38 - INFO - __main__ -   -------------------------------------------------------------------------------------------------------------------------------
05/25/2022 12:36:38 - INFO - __main__ -   |module.bert.encoder.layer.6.attention_output.dense.bias           |torch.float32    |(768,)           |768          |True    |
05/25/2022 12:36:38 - INFO - __main__ -   -------------------------------------------------------------------------------------------------------------------------------
05/25/2022 12:36:38 - INFO - __main__ -   |module.bert.encoder.layer.6.attention_output.LayerNorm.weight     |torch.float32    |(768,)           |768          |True    |
05/25/2022 12:36:38 - INFO - __main__ -   -------------------------------------------------------------------------------------------------------------------------------
05/25/2022 12:36:38 - INFO - __main__ -   |module.bert.encoder.layer.6.attention_output.LayerNorm.bias       |torch.float32    |(768,)           |768          |True    |
05/25/2022 12:36:38 - INFO - __main__ -   -------------------------------------------------------------------------------------------------------------------------------
05/25/2022 12:36:38 - INFO - __main__ -   |module.bert.encoder.layer.7.intermediate.dense.weight             |torch.float32    |(3072, 768)      |2359296      |True    |
05/25/2022 12:36:38 - INFO - __main__ -   -------------------------------------------------------------------------------------------------------------------------------
05/25/2022 12:36:38 - INFO - __main__ -   |module.bert.encoder.layer.7.intermediate.dense.bias               |torch.float32    |(3072,)          |3072         |True    |
05/25/2022 12:36:38 - INFO - __main__ -   -------------------------------------------------------------------------------------------------------------------------------
05/25/2022 12:36:38 - INFO - __main__ -   |module.bert.encoder.layer.7.output.dense.weight                   |torch.float32    |(768, 3072)      |2359296      |True    |
05/25/2022 12:36:38 - INFO - __main__ -   -------------------------------------------------------------------------------------------------------------------------------
05/25/2022 12:36:38 - INFO - __main__ -   |module.bert.encoder.layer.7.output.dense.bias                     |torch.float32    |(768,)           |768          |True    |
05/25/2022 12:36:38 - INFO - __main__ -   -------------------------------------------------------------------------------------------------------------------------------
05/25/2022 12:36:38 - INFO - __main__ -   |module.bert.encoder.layer.7.output.LayerNorm.weight               |torch.float32    |(768,)           |768          |True    |
05/25/2022 12:36:38 - INFO - __main__ -   -------------------------------------------------------------------------------------------------------------------------------
05/25/2022 12:36:38 - INFO - __main__ -   |module.bert.encoder.layer.7.output.LayerNorm.bias                 |torch.float32    |(768,)           |768          |True    |
05/25/2022 12:36:38 - INFO - __main__ -   -------------------------------------------------------------------------------------------------------------------------------
05/25/2022 12:36:38 - INFO - __main__ -   |module.bert.encoder.layer.8.attention_self.query.weight           |torch.float32    |(768, 768)       |589824       |True    |
05/25/2022 12:36:38 - INFO - __main__ -   -------------------------------------------------------------------------------------------------------------------------------
05/25/2022 12:36:38 - INFO - __main__ -   |module.bert.encoder.layer.8.attention_self.query.bias             |torch.float32    |(768,)           |768          |True    |
05/25/2022 12:36:38 - INFO - __main__ -   -------------------------------------------------------------------------------------------------------------------------------
05/25/2022 12:36:38 - INFO - __main__ -   |module.bert.encoder.layer.8.attention_self.key.weight             |torch.float32    |(768, 768)       |589824       |True    |
05/25/2022 12:36:38 - INFO - __main__ -   -------------------------------------------------------------------------------------------------------------------------------
05/25/2022 12:36:38 - INFO - __main__ -   |module.bert.encoder.layer.8.attention_self.key.bias               |torch.float32    |(768,)           |768          |True    |
05/25/2022 12:36:38 - INFO - __main__ -   -------------------------------------------------------------------------------------------------------------------------------
05/25/2022 12:36:38 - INFO - __main__ -   |module.bert.encoder.layer.8.attention_self.value.weight           |torch.float32    |(768, 768)       |589824       |True    |
05/25/2022 12:36:38 - INFO - __main__ -   -------------------------------------------------------------------------------------------------------------------------------
05/25/2022 12:36:38 - INFO - __main__ -   |module.bert.encoder.layer.8.attention_self.value.bias             |torch.float32    |(768,)           |768          |True    |
05/25/2022 12:36:38 - INFO - __main__ -   -------------------------------------------------------------------------------------------------------------------------------
05/25/2022 12:36:38 - INFO - __main__ -   |module.bert.encoder.layer.8.attention_output.dense.weight         |torch.float32    |(768, 768)       |589824       |True    |
05/25/2022 12:36:38 - INFO - __main__ -   -------------------------------------------------------------------------------------------------------------------------------
05/25/2022 12:36:38 - INFO - __main__ -   |module.bert.encoder.layer.8.attention_output.dense.bias           |torch.float32    |(768,)           |768          |True    |
05/25/2022 12:36:38 - INFO - __main__ -   -------------------------------------------------------------------------------------------------------------------------------
05/25/2022 12:36:38 - INFO - __main__ -   |module.bert.encoder.layer.8.attention_output.LayerNorm.weight     |torch.float32    |(768,)           |768          |True    |
05/25/2022 12:36:38 - INFO - __main__ -   -------------------------------------------------------------------------------------------------------------------------------
05/25/2022 12:36:38 - INFO - __main__ -   |module.bert.encoder.layer.8.attention_output.LayerNorm.bias       |torch.float32    |(768,)           |768          |True    |
05/25/2022 12:36:38 - INFO - __main__ -   -------------------------------------------------------------------------------------------------------------------------------
05/25/2022 12:36:38 - INFO - __main__ -   |module.bert.encoder.layer.9.intermediate.dense.weight             |torch.float32    |(3072, 768)      |2359296      |True    |
05/25/2022 12:36:38 - INFO - __main__ -   -------------------------------------------------------------------------------------------------------------------------------
05/25/2022 12:36:38 - INFO - __main__ -   |module.bert.encoder.layer.9.intermediate.dense.bias               |torch.float32    |(3072,)          |3072         |True    |
05/25/2022 12:36:38 - INFO - __main__ -   -------------------------------------------------------------------------------------------------------------------------------
05/25/2022 12:36:38 - INFO - __main__ -   |module.bert.encoder.layer.9.output.dense.weight                   |torch.float32    |(768, 3072)      |2359296      |True    |
05/25/2022 12:36:38 - INFO - __main__ -   -------------------------------------------------------------------------------------------------------------------------------
05/25/2022 12:36:38 - INFO - __main__ -   |module.bert.encoder.layer.9.output.dense.bias                     |torch.float32    |(768,)           |768          |True    |
05/25/2022 12:36:38 - INFO - __main__ -   -------------------------------------------------------------------------------------------------------------------------------
05/25/2022 12:36:38 - INFO - __main__ -   |module.bert.encoder.layer.9.output.LayerNorm.weight               |torch.float32    |(768,)           |768          |True    |
05/25/2022 12:36:38 - INFO - __main__ -   -------------------------------------------------------------------------------------------------------------------------------
05/25/2022 12:36:38 - INFO - __main__ -   |module.bert.encoder.layer.9.output.LayerNorm.bias                 |torch.float32    |(768,)           |768          |True    |
05/25/2022 12:36:38 - INFO - __main__ -   -------------------------------------------------------------------------------------------------------------------------------
05/25/2022 12:36:38 - INFO - __main__ -   |module.bert.encoder.layer.10.attention_self.query.weight          |torch.float32    |(768, 768)       |589824       |True    |
05/25/2022 12:36:38 - INFO - __main__ -   -------------------------------------------------------------------------------------------------------------------------------
05/25/2022 12:36:38 - INFO - __main__ -   |module.bert.encoder.layer.10.attention_self.query.bias            |torch.float32    |(768,)           |768          |True    |
05/25/2022 12:36:38 - INFO - __main__ -   -------------------------------------------------------------------------------------------------------------------------------
05/25/2022 12:36:38 - INFO - __main__ -   |module.bert.encoder.layer.10.attention_self.key.weight            |torch.float32    |(768, 768)       |589824       |True    |
05/25/2022 12:36:38 - INFO - __main__ -   -------------------------------------------------------------------------------------------------------------------------------
05/25/2022 12:36:38 - INFO - __main__ -   |module.bert.encoder.layer.10.attention_self.key.bias              |torch.float32    |(768,)           |768          |True    |
05/25/2022 12:36:38 - INFO - __main__ -   -------------------------------------------------------------------------------------------------------------------------------
05/25/2022 12:36:38 - INFO - __main__ -   |module.bert.encoder.layer.10.attention_self.value.weight          |torch.float32    |(768, 768)       |589824       |True    |
05/25/2022 12:36:38 - INFO - __main__ -   -------------------------------------------------------------------------------------------------------------------------------
05/25/2022 12:36:38 - INFO - __main__ -   |module.bert.encoder.layer.10.attention_self.value.bias            |torch.float32    |(768,)           |768          |True    |
05/25/2022 12:36:38 - INFO - __main__ -   -------------------------------------------------------------------------------------------------------------------------------
05/25/2022 12:36:38 - INFO - __main__ -   |module.bert.encoder.layer.10.attention_output.dense.weight        |torch.float32    |(768, 768)       |589824       |True    |
05/25/2022 12:36:38 - INFO - __main__ -   -------------------------------------------------------------------------------------------------------------------------------
05/25/2022 12:36:38 - INFO - __main__ -   |module.bert.encoder.layer.10.attention_output.dense.bias          |torch.float32    |(768,)           |768          |True    |
05/25/2022 12:36:38 - INFO - __main__ -   -------------------------------------------------------------------------------------------------------------------------------
05/25/2022 12:36:38 - INFO - __main__ -   |module.bert.encoder.layer.10.attention_output.LayerNorm.weight    |torch.float32    |(768,)           |768          |True    |
05/25/2022 12:36:38 - INFO - __main__ -   -------------------------------------------------------------------------------------------------------------------------------
05/25/2022 12:36:38 - INFO - __main__ -   |module.bert.encoder.layer.10.attention_output.LayerNorm.bias      |torch.float32    |(768,)           |768          |True    |
05/25/2022 12:36:38 - INFO - __main__ -   -------------------------------------------------------------------------------------------------------------------------------
05/25/2022 12:36:38 - INFO - __main__ -   |module.bert.encoder.layer.11.intermediate.dense.weight            |torch.float32    |(3072, 768)      |2359296      |True    |
05/25/2022 12:36:38 - INFO - __main__ -   -------------------------------------------------------------------------------------------------------------------------------
05/25/2022 12:36:38 - INFO - __main__ -   |module.bert.encoder.layer.11.intermediate.dense.bias              |torch.float32    |(3072,)          |3072         |True    |
05/25/2022 12:36:38 - INFO - __main__ -   -------------------------------------------------------------------------------------------------------------------------------
05/25/2022 12:36:38 - INFO - __main__ -   |module.bert.encoder.layer.11.output.dense.weight                  |torch.float32    |(768, 3072)      |2359296      |True    |
05/25/2022 12:36:38 - INFO - __main__ -   -------------------------------------------------------------------------------------------------------------------------------
05/25/2022 12:36:38 - INFO - __main__ -   |module.bert.encoder.layer.11.output.dense.bias                    |torch.float32    |(768,)           |768          |True    |
05/25/2022 12:36:38 - INFO - __main__ -   -------------------------------------------------------------------------------------------------------------------------------
05/25/2022 12:36:38 - INFO - __main__ -   |module.bert.encoder.layer.11.output.LayerNorm.weight              |torch.float32    |(768,)           |768          |True    |
05/25/2022 12:36:38 - INFO - __main__ -   -------------------------------------------------------------------------------------------------------------------------------
05/25/2022 12:36:38 - INFO - __main__ -   |module.bert.encoder.layer.11.output.LayerNorm.bias                |torch.float32    |(768,)           |768          |True    |
05/25/2022 12:36:38 - INFO - __main__ -   -------------------------------------------------------------------------------------------------------------------------------
05/25/2022 12:36:38 - INFO - __main__ -   |module.bert.encoder.layer.12.attention_self.query.weight          |torch.float32    |(768, 768)       |589824       |True    |
05/25/2022 12:36:38 - INFO - __main__ -   -------------------------------------------------------------------------------------------------------------------------------
05/25/2022 12:36:38 - INFO - __main__ -   |module.bert.encoder.layer.12.attention_self.query.bias            |torch.float32    |(768,)           |768          |True    |
05/25/2022 12:36:38 - INFO - __main__ -   -------------------------------------------------------------------------------------------------------------------------------
05/25/2022 12:36:38 - INFO - __main__ -   |module.bert.encoder.layer.12.attention_self.key.weight            |torch.float32    |(768, 768)       |589824       |True    |
05/25/2022 12:36:38 - INFO - __main__ -   -------------------------------------------------------------------------------------------------------------------------------
05/25/2022 12:36:38 - INFO - __main__ -   |module.bert.encoder.layer.12.attention_self.key.bias              |torch.float32    |(768,)           |768          |True    |
05/25/2022 12:36:38 - INFO - __main__ -   -------------------------------------------------------------------------------------------------------------------------------
05/25/2022 12:36:38 - INFO - __main__ -   |module.bert.encoder.layer.12.attention_self.value.weight          |torch.float32    |(768, 768)       |589824       |True    |
05/25/2022 12:36:38 - INFO - __main__ -   -------------------------------------------------------------------------------------------------------------------------------
05/25/2022 12:36:38 - INFO - __main__ -   |module.bert.encoder.layer.12.attention_self.value.bias            |torch.float32    |(768,)           |768          |True    |
05/25/2022 12:36:38 - INFO - __main__ -   -------------------------------------------------------------------------------------------------------------------------------
05/25/2022 12:36:38 - INFO - __main__ -   |module.bert.encoder.layer.12.attention_output.dense.weight        |torch.float32    |(768, 768)       |589824       |True    |
05/25/2022 12:36:38 - INFO - __main__ -   -------------------------------------------------------------------------------------------------------------------------------
05/25/2022 12:36:38 - INFO - __main__ -   |module.bert.encoder.layer.12.attention_output.dense.bias          |torch.float32    |(768,)           |768          |True    |
05/25/2022 12:36:38 - INFO - __main__ -   -------------------------------------------------------------------------------------------------------------------------------
05/25/2022 12:36:38 - INFO - __main__ -   |module.bert.encoder.layer.12.attention_output.LayerNorm.weight    |torch.float32    |(768,)           |768          |True    |
05/25/2022 12:36:38 - INFO - __main__ -   -------------------------------------------------------------------------------------------------------------------------------
05/25/2022 12:36:38 - INFO - __main__ -   |module.bert.encoder.layer.12.attention_output.LayerNorm.bias      |torch.float32    |(768,)           |768          |True    |
05/25/2022 12:36:38 - INFO - __main__ -   -------------------------------------------------------------------------------------------------------------------------------
05/25/2022 12:36:38 - INFO - __main__ -   |module.bert.encoder.layer.13.intermediate.dense.weight            |torch.float32    |(3072, 768)      |2359296      |True    |
05/25/2022 12:36:38 - INFO - __main__ -   -------------------------------------------------------------------------------------------------------------------------------
05/25/2022 12:36:38 - INFO - __main__ -   |module.bert.encoder.layer.13.intermediate.dense.bias              |torch.float32    |(3072,)          |3072         |True    |
05/25/2022 12:36:38 - INFO - __main__ -   -------------------------------------------------------------------------------------------------------------------------------
05/25/2022 12:36:38 - INFO - __main__ -   |module.bert.encoder.layer.13.output.dense.weight                  |torch.float32    |(768, 3072)      |2359296      |True    |
05/25/2022 12:36:38 - INFO - __main__ -   -------------------------------------------------------------------------------------------------------------------------------
05/25/2022 12:36:38 - INFO - __main__ -   |module.bert.encoder.layer.13.output.dense.bias                    |torch.float32    |(768,)           |768          |True    |
05/25/2022 12:36:38 - INFO - __main__ -   -------------------------------------------------------------------------------------------------------------------------------
05/25/2022 12:36:38 - INFO - __main__ -   |module.bert.encoder.layer.13.output.LayerNorm.weight              |torch.float32    |(768,)           |768          |True    |
05/25/2022 12:36:38 - INFO - __main__ -   -------------------------------------------------------------------------------------------------------------------------------
05/25/2022 12:36:38 - INFO - __main__ -   |module.bert.encoder.layer.13.output.LayerNorm.bias                |torch.float32    |(768,)           |768          |True    |
05/25/2022 12:36:38 - INFO - __main__ -   -------------------------------------------------------------------------------------------------------------------------------
05/25/2022 12:36:38 - INFO - __main__ -   |module.bert.encoder.layer.14.attention_self.query.weight          |torch.float32    |(768, 768)       |589824       |True    |
05/25/2022 12:36:38 - INFO - __main__ -   -------------------------------------------------------------------------------------------------------------------------------
05/25/2022 12:36:38 - INFO - __main__ -   |module.bert.encoder.layer.14.attention_self.query.bias            |torch.float32    |(768,)           |768          |True    |
05/25/2022 12:36:38 - INFO - __main__ -   -------------------------------------------------------------------------------------------------------------------------------
05/25/2022 12:36:38 - INFO - __main__ -   |module.bert.encoder.layer.14.attention_self.key.weight            |torch.float32    |(768, 768)       |589824       |True    |
05/25/2022 12:36:38 - INFO - __main__ -   -------------------------------------------------------------------------------------------------------------------------------
05/25/2022 12:36:38 - INFO - __main__ -   |module.bert.encoder.layer.14.attention_self.key.bias              |torch.float32    |(768,)           |768          |True    |
05/25/2022 12:36:38 - INFO - __main__ -   -------------------------------------------------------------------------------------------------------------------------------
05/25/2022 12:36:38 - INFO - __main__ -   |module.bert.encoder.layer.14.attention_self.value.weight          |torch.float32    |(768, 768)       |589824       |True    |
05/25/2022 12:36:38 - INFO - __main__ -   -------------------------------------------------------------------------------------------------------------------------------
05/25/2022 12:36:38 - INFO - __main__ -   |module.bert.encoder.layer.14.attention_self.value.bias            |torch.float32    |(768,)           |768          |True    |
05/25/2022 12:36:38 - INFO - __main__ -   -------------------------------------------------------------------------------------------------------------------------------
05/25/2022 12:36:38 - INFO - __main__ -   |module.bert.encoder.layer.14.attention_output.dense.weight        |torch.float32    |(768, 768)       |589824       |True    |
05/25/2022 12:36:38 - INFO - __main__ -   -------------------------------------------------------------------------------------------------------------------------------
05/25/2022 12:36:38 - INFO - __main__ -   |module.bert.encoder.layer.14.attention_output.dense.bias          |torch.float32    |(768,)           |768          |True    |
05/25/2022 12:36:38 - INFO - __main__ -   -------------------------------------------------------------------------------------------------------------------------------
05/25/2022 12:36:38 - INFO - __main__ -   |module.bert.encoder.layer.14.attention_output.LayerNorm.weight    |torch.float32    |(768,)           |768          |True    |
05/25/2022 12:36:38 - INFO - __main__ -   -------------------------------------------------------------------------------------------------------------------------------
05/25/2022 12:36:38 - INFO - __main__ -   |module.bert.encoder.layer.14.attention_output.LayerNorm.bias      |torch.float32    |(768,)           |768          |True    |
05/25/2022 12:36:38 - INFO - __main__ -   -------------------------------------------------------------------------------------------------------------------------------
05/25/2022 12:36:38 - INFO - __main__ -   |module.bert.encoder.layer.15.intermediate.dense.weight            |torch.float32    |(3072, 768)      |2359296      |True    |
05/25/2022 12:36:38 - INFO - __main__ -   -------------------------------------------------------------------------------------------------------------------------------
05/25/2022 12:36:38 - INFO - __main__ -   |module.bert.encoder.layer.15.intermediate.dense.bias              |torch.float32    |(3072,)          |3072         |True    |
05/25/2022 12:36:38 - INFO - __main__ -   -------------------------------------------------------------------------------------------------------------------------------
05/25/2022 12:36:38 - INFO - __main__ -   |module.bert.encoder.layer.15.output.dense.weight                  |torch.float32    |(768, 3072)      |2359296      |True    |
05/25/2022 12:36:38 - INFO - __main__ -   -------------------------------------------------------------------------------------------------------------------------------
05/25/2022 12:36:38 - INFO - __main__ -   |module.bert.encoder.layer.15.output.dense.bias                    |torch.float32    |(768,)           |768          |True    |
05/25/2022 12:36:38 - INFO - __main__ -   -------------------------------------------------------------------------------------------------------------------------------
05/25/2022 12:36:38 - INFO - __main__ -   |module.bert.encoder.layer.15.output.LayerNorm.weight              |torch.float32    |(768,)           |768          |True    |
05/25/2022 12:36:38 - INFO - __main__ -   -------------------------------------------------------------------------------------------------------------------------------
05/25/2022 12:36:38 - INFO - __main__ -   |module.bert.encoder.layer.15.output.LayerNorm.bias                |torch.float32    |(768,)           |768          |True    |
05/25/2022 12:36:38 - INFO - __main__ -   -------------------------------------------------------------------------------------------------------------------------------
05/25/2022 12:36:38 - INFO - __main__ -   |module.bert.encoder.layer.16.attention_self.query.weight          |torch.float32    |(768, 768)       |589824       |True    |
05/25/2022 12:36:38 - INFO - __main__ -   -------------------------------------------------------------------------------------------------------------------------------
05/25/2022 12:36:38 - INFO - __main__ -   |module.bert.encoder.layer.16.attention_self.query.bias            |torch.float32    |(768,)           |768          |True    |
05/25/2022 12:36:38 - INFO - __main__ -   -------------------------------------------------------------------------------------------------------------------------------
05/25/2022 12:36:38 - INFO - __main__ -   |module.bert.encoder.layer.16.attention_self.key.weight            |torch.float32    |(768, 768)       |589824       |True    |
05/25/2022 12:36:38 - INFO - __main__ -   -------------------------------------------------------------------------------------------------------------------------------
05/25/2022 12:36:38 - INFO - __main__ -   |module.bert.encoder.layer.16.attention_self.key.bias              |torch.float32    |(768,)           |768          |True    |
05/25/2022 12:36:38 - INFO - __main__ -   -------------------------------------------------------------------------------------------------------------------------------
05/25/2022 12:36:38 - INFO - __main__ -   |module.bert.encoder.layer.16.attention_self.value.weight          |torch.float32    |(768, 768)       |589824       |True    |
05/25/2022 12:36:38 - INFO - __main__ -   -------------------------------------------------------------------------------------------------------------------------------
05/25/2022 12:36:38 - INFO - __main__ -   |module.bert.encoder.layer.16.attention_self.value.bias            |torch.float32    |(768,)           |768          |True    |
05/25/2022 12:36:38 - INFO - __main__ -   -------------------------------------------------------------------------------------------------------------------------------
05/25/2022 12:36:38 - INFO - __main__ -   |module.bert.encoder.layer.16.attention_output.dense.weight        |torch.float32    |(768, 768)       |589824       |True    |
05/25/2022 12:36:38 - INFO - __main__ -   -------------------------------------------------------------------------------------------------------------------------------
05/25/2022 12:36:38 - INFO - __main__ -   |module.bert.encoder.layer.16.attention_output.dense.bias          |torch.float32    |(768,)           |768          |True    |
05/25/2022 12:36:38 - INFO - __main__ -   -------------------------------------------------------------------------------------------------------------------------------
05/25/2022 12:36:38 - INFO - __main__ -   |module.bert.encoder.layer.16.attention_output.LayerNorm.weight    |torch.float32    |(768,)           |768          |True    |
05/25/2022 12:36:38 - INFO - __main__ -   -------------------------------------------------------------------------------------------------------------------------------
05/25/2022 12:36:38 - INFO - __main__ -   |module.bert.encoder.layer.16.attention_output.LayerNorm.bias      |torch.float32    |(768,)           |768          |True    |
05/25/2022 12:36:38 - INFO - __main__ -   -------------------------------------------------------------------------------------------------------------------------------
05/25/2022 12:36:38 - INFO - __main__ -   |module.bert.encoder.layer.17.intermediate.dense.weight            |torch.float32    |(3072, 768)      |2359296      |True    |
05/25/2022 12:36:38 - INFO - __main__ -   -------------------------------------------------------------------------------------------------------------------------------
05/25/2022 12:36:38 - INFO - __main__ -   |module.bert.encoder.layer.17.intermediate.dense.bias              |torch.float32    |(3072,)          |3072         |True    |
05/25/2022 12:36:38 - INFO - __main__ -   -------------------------------------------------------------------------------------------------------------------------------
05/25/2022 12:36:38 - INFO - __main__ -   |module.bert.encoder.layer.17.output.dense.weight                  |torch.float32    |(768, 3072)      |2359296      |True    |
05/25/2022 12:36:38 - INFO - __main__ -   -------------------------------------------------------------------------------------------------------------------------------
05/25/2022 12:36:38 - INFO - __main__ -   |module.bert.encoder.layer.17.output.dense.bias                    |torch.float32    |(768,)           |768          |True    |
05/25/2022 12:36:38 - INFO - __main__ -   -------------------------------------------------------------------------------------------------------------------------------
05/25/2022 12:36:38 - INFO - __main__ -   |module.bert.encoder.layer.17.output.LayerNorm.weight              |torch.float32    |(768,)           |768          |True    |
05/25/2022 12:36:38 - INFO - __main__ -   -------------------------------------------------------------------------------------------------------------------------------
05/25/2022 12:36:38 - INFO - __main__ -   |module.bert.encoder.layer.17.output.LayerNorm.bias                |torch.float32    |(768,)           |768          |True    |
05/25/2022 12:36:38 - INFO - __main__ -   -------------------------------------------------------------------------------------------------------------------------------
05/25/2022 12:36:38 - INFO - __main__ -   |module.bert.encoder.layer.18.attention_self.query.weight          |torch.float32    |(768, 768)       |589824       |True    |
05/25/2022 12:36:38 - INFO - __main__ -   -------------------------------------------------------------------------------------------------------------------------------
05/25/2022 12:36:38 - INFO - __main__ -   |module.bert.encoder.layer.18.attention_self.query.bias            |torch.float32    |(768,)           |768          |True    |
05/25/2022 12:36:38 - INFO - __main__ -   -------------------------------------------------------------------------------------------------------------------------------
05/25/2022 12:36:38 - INFO - __main__ -   |module.bert.encoder.layer.18.attention_self.key.weight            |torch.float32    |(768, 768)       |589824       |True    |
05/25/2022 12:36:38 - INFO - __main__ -   -------------------------------------------------------------------------------------------------------------------------------
05/25/2022 12:36:38 - INFO - __main__ -   |module.bert.encoder.layer.18.attention_self.key.bias              |torch.float32    |(768,)           |768          |True    |
05/25/2022 12:36:38 - INFO - __main__ -   -------------------------------------------------------------------------------------------------------------------------------
05/25/2022 12:36:38 - INFO - __main__ -   |module.bert.encoder.layer.18.attention_self.value.weight          |torch.float32    |(768, 768)       |589824       |True    |
05/25/2022 12:36:38 - INFO - __main__ -   -------------------------------------------------------------------------------------------------------------------------------
05/25/2022 12:36:38 - INFO - __main__ -   |module.bert.encoder.layer.18.attention_self.value.bias            |torch.float32    |(768,)           |768          |True    |
05/25/2022 12:36:38 - INFO - __main__ -   -------------------------------------------------------------------------------------------------------------------------------
05/25/2022 12:36:38 - INFO - __main__ -   |module.bert.encoder.layer.18.attention_output.dense.weight        |torch.float32    |(768, 768)       |589824       |True    |
05/25/2022 12:36:38 - INFO - __main__ -   -------------------------------------------------------------------------------------------------------------------------------
05/25/2022 12:36:38 - INFO - __main__ -   |module.bert.encoder.layer.18.attention_output.dense.bias          |torch.float32    |(768,)           |768          |True    |
05/25/2022 12:36:38 - INFO - __main__ -   -------------------------------------------------------------------------------------------------------------------------------
05/25/2022 12:36:38 - INFO - __main__ -   |module.bert.encoder.layer.18.attention_output.LayerNorm.weight    |torch.float32    |(768,)           |768          |True    |
05/25/2022 12:36:38 - INFO - __main__ -   -------------------------------------------------------------------------------------------------------------------------------
05/25/2022 12:36:38 - INFO - __main__ -   |module.bert.encoder.layer.18.attention_output.LayerNorm.bias      |torch.float32    |(768,)           |768          |True    |
05/25/2022 12:36:38 - INFO - __main__ -   -------------------------------------------------------------------------------------------------------------------------------
05/25/2022 12:36:38 - INFO - __main__ -   |module.bert.encoder.layer.19.intermediate.dense.weight            |torch.float32    |(3072, 768)      |2359296      |True    |
05/25/2022 12:36:38 - INFO - __main__ -   -------------------------------------------------------------------------------------------------------------------------------
05/25/2022 12:36:38 - INFO - __main__ -   |module.bert.encoder.layer.19.intermediate.dense.bias              |torch.float32    |(3072,)          |3072         |True    |
05/25/2022 12:36:38 - INFO - __main__ -   -------------------------------------------------------------------------------------------------------------------------------
05/25/2022 12:36:38 - INFO - __main__ -   |module.bert.encoder.layer.19.output.dense.weight                  |torch.float32    |(768, 3072)      |2359296      |True    |
05/25/2022 12:36:38 - INFO - __main__ -   -------------------------------------------------------------------------------------------------------------------------------
05/25/2022 12:36:38 - INFO - __main__ -   |module.bert.encoder.layer.19.output.dense.bias                    |torch.float32    |(768,)           |768          |True    |
05/25/2022 12:36:38 - INFO - __main__ -   -------------------------------------------------------------------------------------------------------------------------------
05/25/2022 12:36:38 - INFO - __main__ -   |module.bert.encoder.layer.19.output.LayerNorm.weight              |torch.float32    |(768,)           |768          |True    |
05/25/2022 12:36:38 - INFO - __main__ -   -------------------------------------------------------------------------------------------------------------------------------
05/25/2022 12:36:38 - INFO - __main__ -   |module.bert.encoder.layer.19.output.LayerNorm.bias                |torch.float32    |(768,)           |768          |True    |
05/25/2022 12:36:38 - INFO - __main__ -   -------------------------------------------------------------------------------------------------------------------------------
05/25/2022 12:36:38 - INFO - __main__ -   |module.bert.encoder.layer.20.attention_self.query.weight          |torch.float32    |(768, 768)       |589824       |True    |
05/25/2022 12:36:38 - INFO - __main__ -   -------------------------------------------------------------------------------------------------------------------------------
05/25/2022 12:36:38 - INFO - __main__ -   |module.bert.encoder.layer.20.attention_self.query.bias            |torch.float32    |(768,)           |768          |True    |
05/25/2022 12:36:38 - INFO - __main__ -   -------------------------------------------------------------------------------------------------------------------------------
05/25/2022 12:36:38 - INFO - __main__ -   |module.bert.encoder.layer.20.attention_self.key.weight            |torch.float32    |(768, 768)       |589824       |True    |
05/25/2022 12:36:38 - INFO - __main__ -   -------------------------------------------------------------------------------------------------------------------------------
05/25/2022 12:36:38 - INFO - __main__ -   |module.bert.encoder.layer.20.attention_self.key.bias              |torch.float32    |(768,)           |768          |True    |
05/25/2022 12:36:38 - INFO - __main__ -   -------------------------------------------------------------------------------------------------------------------------------
05/25/2022 12:36:38 - INFO - __main__ -   |module.bert.encoder.layer.20.attention_self.value.weight          |torch.float32    |(768, 768)       |589824       |True    |
05/25/2022 12:36:38 - INFO - __main__ -   -------------------------------------------------------------------------------------------------------------------------------
05/25/2022 12:36:38 - INFO - __main__ -   |module.bert.encoder.layer.20.attention_self.value.bias            |torch.float32    |(768,)           |768          |True    |
05/25/2022 12:36:38 - INFO - __main__ -   -------------------------------------------------------------------------------------------------------------------------------
05/25/2022 12:36:38 - INFO - __main__ -   |module.bert.encoder.layer.20.attention_output.dense.weight        |torch.float32    |(768, 768)       |589824       |True    |
05/25/2022 12:36:38 - INFO - __main__ -   -------------------------------------------------------------------------------------------------------------------------------
05/25/2022 12:36:38 - INFO - __main__ -   |module.bert.encoder.layer.20.attention_output.dense.bias          |torch.float32    |(768,)           |768          |True    |
05/25/2022 12:36:38 - INFO - __main__ -   -------------------------------------------------------------------------------------------------------------------------------
05/25/2022 12:36:38 - INFO - __main__ -   |module.bert.encoder.layer.20.attention_output.LayerNorm.weight    |torch.float32    |(768,)           |768          |True    |
05/25/2022 12:36:38 - INFO - __main__ -   -------------------------------------------------------------------------------------------------------------------------------
05/25/2022 12:36:38 - INFO - __main__ -   |module.bert.encoder.layer.20.attention_output.LayerNorm.bias      |torch.float32    |(768,)           |768          |True    |
05/25/2022 12:36:38 - INFO - __main__ -   -------------------------------------------------------------------------------------------------------------------------------
05/25/2022 12:36:38 - INFO - __main__ -   |module.bert.encoder.layer.21.intermediate.dense.weight            |torch.float32    |(3072, 768)      |2359296      |True    |
05/25/2022 12:36:38 - INFO - __main__ -   -------------------------------------------------------------------------------------------------------------------------------
05/25/2022 12:36:38 - INFO - __main__ -   |module.bert.encoder.layer.21.intermediate.dense.bias              |torch.float32    |(3072,)          |3072         |True    |
05/25/2022 12:36:38 - INFO - __main__ -   -------------------------------------------------------------------------------------------------------------------------------
05/25/2022 12:36:38 - INFO - __main__ -   |module.bert.encoder.layer.21.output.dense.weight                  |torch.float32    |(768, 3072)      |2359296      |True    |
05/25/2022 12:36:38 - INFO - __main__ -   -------------------------------------------------------------------------------------------------------------------------------
05/25/2022 12:36:38 - INFO - __main__ -   |module.bert.encoder.layer.21.output.dense.bias                    |torch.float32    |(768,)           |768          |True    |
05/25/2022 12:36:38 - INFO - __main__ -   -------------------------------------------------------------------------------------------------------------------------------
05/25/2022 12:36:38 - INFO - __main__ -   |module.bert.encoder.layer.21.output.LayerNorm.weight              |torch.float32    |(768,)           |768          |True    |
05/25/2022 12:36:38 - INFO - __main__ -   -------------------------------------------------------------------------------------------------------------------------------
05/25/2022 12:36:38 - INFO - __main__ -   |module.bert.encoder.layer.21.output.LayerNorm.bias                |torch.float32    |(768,)           |768          |True    |
05/25/2022 12:36:38 - INFO - __main__ -   -------------------------------------------------------------------------------------------------------------------------------
05/25/2022 12:36:38 - INFO - __main__ -   |module.bert.encoder.layer.22.attention_self.query.weight          |torch.float32    |(768, 768)       |589824       |True    |
05/25/2022 12:36:38 - INFO - __main__ -   -------------------------------------------------------------------------------------------------------------------------------
05/25/2022 12:36:38 - INFO - __main__ -   |module.bert.encoder.layer.22.attention_self.query.bias            |torch.float32    |(768,)           |768          |True    |
05/25/2022 12:36:38 - INFO - __main__ -   -------------------------------------------------------------------------------------------------------------------------------
05/25/2022 12:36:38 - INFO - __main__ -   |module.bert.encoder.layer.22.attention_self.key.weight            |torch.float32    |(768, 768)       |589824       |True    |
05/25/2022 12:36:38 - INFO - __main__ -   -------------------------------------------------------------------------------------------------------------------------------
05/25/2022 12:36:38 - INFO - __main__ -   |module.bert.encoder.layer.22.attention_self.key.bias              |torch.float32    |(768,)           |768          |True    |
05/25/2022 12:36:38 - INFO - __main__ -   -------------------------------------------------------------------------------------------------------------------------------
05/25/2022 12:36:38 - INFO - __main__ -   |module.bert.encoder.layer.22.attention_self.value.weight          |torch.float32    |(768, 768)       |589824       |True    |
05/25/2022 12:36:38 - INFO - __main__ -   -------------------------------------------------------------------------------------------------------------------------------
05/25/2022 12:36:38 - INFO - __main__ -   |module.bert.encoder.layer.22.attention_self.value.bias            |torch.float32    |(768,)           |768          |True    |
05/25/2022 12:36:38 - INFO - __main__ -   -------------------------------------------------------------------------------------------------------------------------------
05/25/2022 12:36:38 - INFO - __main__ -   |module.bert.encoder.layer.22.attention_output.dense.weight        |torch.float32    |(768, 768)       |589824       |True    |
05/25/2022 12:36:38 - INFO - __main__ -   -------------------------------------------------------------------------------------------------------------------------------
05/25/2022 12:36:38 - INFO - __main__ -   |module.bert.encoder.layer.22.attention_output.dense.bias          |torch.float32    |(768,)           |768          |True    |
05/25/2022 12:36:38 - INFO - __main__ -   -------------------------------------------------------------------------------------------------------------------------------
05/25/2022 12:36:38 - INFO - __main__ -   |module.bert.encoder.layer.22.attention_output.LayerNorm.weight    |torch.float32    |(768,)           |768          |True    |
05/25/2022 12:36:38 - INFO - __main__ -   -------------------------------------------------------------------------------------------------------------------------------
05/25/2022 12:36:38 - INFO - __main__ -   |module.bert.encoder.layer.22.attention_output.LayerNorm.bias      |torch.float32    |(768,)           |768          |True    |
05/25/2022 12:36:38 - INFO - __main__ -   -------------------------------------------------------------------------------------------------------------------------------
05/25/2022 12:36:38 - INFO - __main__ -   |module.bert.encoder.layer.23.intermediate.dense.weight            |torch.float32    |(3072, 768)      |2359296      |True    |
05/25/2022 12:36:38 - INFO - __main__ -   -------------------------------------------------------------------------------------------------------------------------------
05/25/2022 12:36:38 - INFO - __main__ -   |module.bert.encoder.layer.23.intermediate.dense.bias              |torch.float32    |(3072,)          |3072         |True    |
05/25/2022 12:36:38 - INFO - __main__ -   -------------------------------------------------------------------------------------------------------------------------------
05/25/2022 12:36:38 - INFO - __main__ -   |module.bert.encoder.layer.23.output.dense.weight                  |torch.float32    |(768, 3072)      |2359296      |True    |
05/25/2022 12:36:38 - INFO - __main__ -   -------------------------------------------------------------------------------------------------------------------------------
05/25/2022 12:36:38 - INFO - __main__ -   |module.bert.encoder.layer.23.output.dense.bias                    |torch.float32    |(768,)           |768          |True    |
05/25/2022 12:36:38 - INFO - __main__ -   -------------------------------------------------------------------------------------------------------------------------------
05/25/2022 12:36:38 - INFO - __main__ -   |module.bert.encoder.layer.23.output.LayerNorm.weight              |torch.float32    |(768,)           |768          |True    |
05/25/2022 12:36:38 - INFO - __main__ -   -------------------------------------------------------------------------------------------------------------------------------
05/25/2022 12:36:38 - INFO - __main__ -   |module.bert.encoder.layer.23.output.LayerNorm.bias                |torch.float32    |(768,)           |768          |True    |
05/25/2022 12:36:38 - INFO - __main__ -   -------------------------------------------------------------------------------------------------------------------------------
05/25/2022 12:36:38 - INFO - __main__ -   |module.bert.t_pooler.dense.weight                                 |torch.float32    |(1024, 768)      |786432       |True    |
05/25/2022 12:36:38 - INFO - __main__ -   -------------------------------------------------------------------------------------------------------------------------------
05/25/2022 12:36:38 - INFO - __main__ -   |module.bert.t_pooler.dense.bias                                   |torch.float32    |(1024,)          |1024         |True    |
05/25/2022 12:36:38 - INFO - __main__ -   -------------------------------------------------------------------------------------------------------------------------------
05/25/2022 12:36:38 - INFO - __main__ -   |module.bert.v_pooler.dense.weight                                 |torch.float32    |(1024, 768)      |786432       |True    |
05/25/2022 12:36:38 - INFO - __main__ -   -------------------------------------------------------------------------------------------------------------------------------
05/25/2022 12:36:38 - INFO - __main__ -   |module.bert.v_pooler.dense.bias                                   |torch.float32    |(1024,)          |1024         |True    |
05/25/2022 12:36:38 - INFO - __main__ -   -------------------------------------------------------------------------------------------------------------------------------
05/25/2022 12:36:38 - INFO - __main__ -   |module.cls.predictions.bias                                       |torch.float32    |(250002,)        |250002       |True    |
05/25/2022 12:36:38 - INFO - __main__ -   -------------------------------------------------------------------------------------------------------------------------------
05/25/2022 12:36:38 - INFO - __main__ -   |module.cls.predictions.transform.dense.weight                     |torch.float32    |(768, 768)       |589824       |True    |
05/25/2022 12:36:38 - INFO - __main__ -   -------------------------------------------------------------------------------------------------------------------------------
05/25/2022 12:36:38 - INFO - __main__ -   |module.cls.predictions.transform.dense.bias                       |torch.float32    |(768,)           |768          |True    |
05/25/2022 12:36:38 - INFO - __main__ -   -------------------------------------------------------------------------------------------------------------------------------
05/25/2022 12:36:38 - INFO - __main__ -   |module.cls.predictions.transform.LayerNorm.weight                 |torch.float32    |(768,)           |768          |True    |
05/25/2022 12:36:38 - INFO - __main__ -   -------------------------------------------------------------------------------------------------------------------------------
05/25/2022 12:36:38 - INFO - __main__ -   |module.cls.predictions.transform.LayerNorm.bias                   |torch.float32    |(768,)           |768          |True    |
05/25/2022 12:36:38 - INFO - __main__ -   -------------------------------------------------------------------------------------------------------------------------------
05/25/2022 12:36:38 - INFO - __main__ -   |module.cls.bi_seq_relationship.weight                             |torch.float32    |(2, 1024)        |2048         |True    |
05/25/2022 12:36:38 - INFO - __main__ -   -------------------------------------------------------------------------------------------------------------------------------
05/25/2022 12:36:38 - INFO - __main__ -   |module.cls.bi_seq_relationship.bias                               |torch.float32    |(2,)             |2            |True    |
05/25/2022 12:36:38 - INFO - __main__ -   -------------------------------------------------------------------------------------------------------------------------------
05/25/2022 12:36:38 - INFO - __main__ -   |module.cls.imagePredictions.transform.dense.weight                |torch.float32    |(768, 768)       |589824       |True    |
05/25/2022 12:36:38 - INFO - __main__ -   -------------------------------------------------------------------------------------------------------------------------------
05/25/2022 12:36:38 - INFO - __main__ -   |module.cls.imagePredictions.transform.dense.bias                  |torch.float32    |(768,)           |768          |True    |
05/25/2022 12:36:38 - INFO - __main__ -   -------------------------------------------------------------------------------------------------------------------------------
05/25/2022 12:36:38 - INFO - __main__ -   |module.cls.imagePredictions.transform.LayerNorm.weight            |torch.float32    |(768,)           |768          |True    |
05/25/2022 12:36:38 - INFO - __main__ -   -------------------------------------------------------------------------------------------------------------------------------
05/25/2022 12:36:38 - INFO - __main__ -   |module.cls.imagePredictions.transform.LayerNorm.bias              |torch.float32    |(768,)           |768          |True    |
05/25/2022 12:36:38 - INFO - __main__ -   -------------------------------------------------------------------------------------------------------------------------------
05/25/2022 12:36:38 - INFO - __main__ -   |module.cls.imagePredictions.decoder_dict.0.weight                 |torch.float32    |(1601, 768)      |1229568      |True    |
05/25/2022 12:36:38 - INFO - __main__ -   -------------------------------------------------------------------------------------------------------------------------------
05/25/2022 12:36:38 - INFO - __main__ -   |module.cls.imagePredictions.decoder_dict.0.bias                   |torch.float32    |(1601,)          |1601         |True    |
05/25/2022 12:36:38 - INFO - __main__ -   -------------------------------------------------------------------------------------------------------------------------------
05/25/2022 12:36:38 - INFO - __main__ -   >> # TrainableParams:       	283.28	M
05/25/2022 12:36:38 - INFO - __main__ -   >> # NonTrainableParams:    	0.00	M
05/25/2022 12:36:38 - INFO - __main__ -   >> # TotalParams:           	283.28	M
05/25/2022 12:36:38 - INFO - __main__ -   ***** Running training *****
05/25/2022 12:36:38 - INFO - __main__ -     Num examples = 2777649
05/25/2022 12:36:38 - INFO - __main__ -     Batch size = 64
05/25/2022 12:36:38 - INFO - __main__ -     Num steps = 108500
/home/mwp141/anaconda3/envs/tt-mml/lib/python3.7/site-packages/pytorch_transformers/optimization.py:166: UserWarning: This overload of add_ is deprecated:
	add_(Number alpha, Tensor other)
Consider using one of the following signatures instead:
	add_(Tensor other, *, Number alpha) (Triggered internally at  ../torch/csrc/utils/python_arg_parser.cpp:1055.)
  exp_avg.mul_(beta1).add_(1.0 - beta1, grad)
05/25/2022 12:36:50 - INFO - __main__ -     runs in vtlm step and loss =8.000000 2.197969
05/25/2022 12:36:51 - INFO - __main__ -     runs in vtlm step and loss =8.000000 2.293850
05/25/2022 12:36:51 - INFO - __main__ -     runs in vtlm step and loss =8.000000 2.486123
05/25/2022 12:36:52 - INFO - __main__ -     runs in vtlm step and loss =8.000000 2.466777
slurmstepd: error: *** JOB 2140952 ON a00756 CANCELLED AT 2022-05-25T12:47:28 ***
